<?xml version="1.0" encoding="UTF-8"?>
<!-- Generated by org.testng.reporters.JUnitReportReporter -->
<testsuite skipped="0" hostname="Lenovo-PC" name="testNGscripts.testNGannotations" tests="2" failures="0" timestamp="23 Dec 2020 21:53:08 GMT" time="19.811" errors="0">
  <testcase name="wikipage" time="7.743" classname="testNGscripts.testNGannotations"/>
  <testcase name="Mainpage" time="12.068" classname="testNGscripts.testNGannotations"/>
</testsuite> <!-- testNGscripts.testNGannotations -->
