<?xml version="1.0" encoding="UTF-8"?>
<!-- Generated by org.testng.reporters.JUnitReportReporter -->
<testsuite skipped="1" hostname="Lenovo-PC" name="testNGscripts.paramterizationwithapoi" tests="1" failures="0" timestamp="30 Dec 2020 18:49:48 GMT" time="0.000" errors="0">
  <testcase name="wikipagedata" time="0.000" classname="testNGscripts.paramterizationwithapoi">
    <skipped/>
  </testcase> <!-- wikipagedata -->
</testsuite> <!-- testNGscripts.paramterizationwithapoi -->
