<?xml version="1.0" encoding="UTF-8"?>
<!-- Generated by org.testng.reporters.JUnitReportReporter -->
<testsuite skipped="0" hostname="Lenovo-PC" name="testNGscripts.Parametarization_XLS" tests="10" failures="0" timestamp="29 Dec 2020 20:42:17 GMT" time="4.871" errors="0">
  <testcase name="wikipagedata" time="0.597" classname="testNGscripts.Parametarization_XLS"/>
  <testcase name="wikipagedata" time="0.426" classname="testNGscripts.Parametarization_XLS"/>
  <testcase name="wikipagedata" time="0.402" classname="testNGscripts.Parametarization_XLS"/>
  <testcase name="wikipagedata" time="0.510" classname="testNGscripts.Parametarization_XLS"/>
  <testcase name="wikipagedata" time="0.482" classname="testNGscripts.Parametarization_XLS"/>
  <testcase name="wikipagedata" time="0.528" classname="testNGscripts.Parametarization_XLS"/>
  <testcase name="wikipagedata" time="0.448" classname="testNGscripts.Parametarization_XLS"/>
  <testcase name="wikipagedata" time="0.533" classname="testNGscripts.Parametarization_XLS"/>
  <testcase name="wikipagedata" time="0.475" classname="testNGscripts.Parametarization_XLS"/>
  <testcase name="wikipagedata" time="0.470" classname="testNGscripts.Parametarization_XLS"/>
</testsuite> <!-- testNGscripts.Parametarization_XLS -->
