<?xml version="1.0" encoding="UTF-8"?>
<!-- Generated by org.testng.reporters.JUnitReportReporter -->
<testsuite skipped="0" hostname="Lenovo-PC" name="testNGscripts.class4_annotations" tests="3" failures="0" timestamp="23 Dec 2020 21:47:09 GMT" time="0.021" errors="0">
  <testcase name="createmail" time="0.005" classname="testNGscripts.class4_annotations"/>
  <testcase name="modifyemail" time="0.004" classname="testNGscripts.class4_annotations"/>
  <testcase name="deleteemail" time="0.012" classname="testNGscripts.class4_annotations"/>
</testsuite> <!-- testNGscripts.class4_annotations -->
